  stdafx.cpp
  DemoApp.cpp
C:\Users\Oliver\source\repos\DemoApp\DemoApp\Action.h(165): warning C4244: 'argument': conversion from 'wchar_t' to '_Elem', possible loss of data
          with
          [
              _Elem=char
          ]
C:\Users\Oliver\source\repos\DemoApp\DemoApp\Action.h(170): warning C4244: 'argument': conversion from 'wchar_t' to '_Elem', possible loss of data
          with
          [
              _Elem=char
          ]
C:\Users\Oliver\source\repos\DemoApp\DemoApp\Action.h(173): warning C4244: 'argument': conversion from 'wchar_t' to '_Elem', possible loss of data
          with
          [
              _Elem=char
          ]
C:\Users\Oliver\source\repos\DemoApp\DemoApp\Action.h(177): warning C4244: 'argument': conversion from 'wchar_t' to '_Elem', possible loss of data
          with
          [
              _Elem=char
          ]
C:\Users\Oliver\source\repos\DemoApp\DemoApp\Action.h(181): warning C4244: 'argument': conversion from 'wchar_t' to '_Elem', possible loss of data
          with
          [
              _Elem=char
          ]
C:\Users\Oliver\source\repos\DemoApp\DemoApp\Action.h(185): warning C4244: 'argument': conversion from 'wchar_t' to '_Elem', possible loss of data
          with
          [
              _Elem=char
          ]
C:\Users\Oliver\source\repos\DemoApp\DemoApp\Action.h(202): warning C4244: 'argument': conversion from 'wchar_t' to '_Elem', possible loss of data
          with
          [
              _Elem=char
          ]
C:\Users\Oliver\source\repos\DemoApp\DemoApp\Action.h(206): warning C4244: 'argument': conversion from 'wchar_t' to '_Elem', possible loss of data
          with
          [
              _Elem=char
          ]
C:\Users\Oliver\source\repos\DemoApp\DemoApp\Action.h(231): warning C4244: 'argument': conversion from 'wchar_t' to '_Elem', possible loss of data
          with
          [
              _Elem=char
          ]
C:\Users\Oliver\source\repos\DemoApp\DemoApp\Action.h(235): warning C4244: 'argument': conversion from 'wchar_t' to '_Elem', possible loss of data
          with
          [
              _Elem=char
          ]
C:\Users\Oliver\source\repos\DemoApp\DemoApp\Action.h(239): warning C4244: 'argument': conversion from 'wchar_t' to '_Elem', possible loss of data
          with
          [
              _Elem=char
          ]
C:\Users\Oliver\source\repos\DemoApp\DemoApp\Action.h(262): warning C4244: 'argument': conversion from 'wchar_t' to '_Elem', possible loss of data
          with
          [
              _Elem=char
          ]
C:\Users\Oliver\source\repos\DemoApp\DemoApp\Action.h(265): warning C4244: 'argument': conversion from 'wchar_t' to '_Elem', possible loss of data
          with
          [
              _Elem=char
          ]
C:\Users\Oliver\source\repos\DemoApp\DemoApp\Action.h(269): warning C4244: 'argument': conversion from 'wchar_t' to '_Elem', possible loss of data
          with
          [
              _Elem=char
          ]
C:\Users\Oliver\source\repos\DemoApp\DemoApp\Action.h(273): warning C4244: 'argument': conversion from 'wchar_t' to '_Elem', possible loss of data
          with
          [
              _Elem=char
          ]
C:\Users\Oliver\source\repos\DemoApp\DemoApp\Action.h(289): warning C4244: 'argument': conversion from 'wchar_t' to '_Elem', possible loss of data
          with
          [
              _Elem=char
          ]
C:\Users\Oliver\source\repos\DemoApp\DemoApp\Action.h(293): warning C4244: 'argument': conversion from 'wchar_t' to '_Elem', possible loss of data
          with
          [
              _Elem=char
          ]
C:\Users\Oliver\source\repos\DemoApp\DemoApp\Action.h(297): warning C4244: 'argument': conversion from 'wchar_t' to '_Elem', possible loss of data
          with
          [
              _Elem=char
          ]
C:\Users\Oliver\source\repos\DemoApp\DemoApp\Action.h(301): warning C4244: 'argument': conversion from 'wchar_t' to '_Elem', possible loss of data
          with
          [
              _Elem=char
          ]
C:\Users\Oliver\source\repos\DemoApp\DemoApp\Action.h(305): warning C4244: 'argument': conversion from 'wchar_t' to '_Elem', possible loss of data
          with
          [
              _Elem=char
          ]
C:\Users\Oliver\source\repos\DemoApp\DemoApp\Action.h(309): warning C4244: 'argument': conversion from 'wchar_t' to '_Elem', possible loss of data
          with
          [
              _Elem=char
          ]
C:\Users\Oliver\source\repos\DemoApp\DemoApp\Action.h(343): warning C4244: 'argument': conversion from 'wchar_t' to '_Elem', possible loss of data
          with
          [
              _Elem=char
          ]
C:\Users\Oliver\source\repos\DemoApp\DemoApp\Action.h(346): warning C4244: 'argument': conversion from 'wchar_t' to '_Elem', possible loss of data
          with
          [
              _Elem=char
          ]
C:\Users\Oliver\source\repos\DemoApp\DemoApp\Action.h(350): warning C4244: 'argument': conversion from 'wchar_t' to '_Elem', possible loss of data
          with
          [
              _Elem=char
          ]
C:\Users\Oliver\source\repos\DemoApp\DemoApp\Action.h(354): warning C4244: 'argument': conversion from 'wchar_t' to '_Elem', possible loss of data
          with
          [
              _Elem=char
          ]
C:\Users\Oliver\source\repos\DemoApp\DemoApp\Action.h(358): warning C4244: 'argument': conversion from 'wchar_t' to '_Elem', possible loss of data
          with
          [
              _Elem=char
          ]
C:\Users\Oliver\source\repos\DemoApp\DemoApp\Action.h(362): warning C4244: 'argument': conversion from 'wchar_t' to '_Elem', possible loss of data
          with
          [
              _Elem=char
          ]
C:\Users\Oliver\source\repos\DemoApp\DemoApp\Action.h(366): warning C4244: 'argument': conversion from 'wchar_t' to '_Elem', possible loss of data
          with
          [
              _Elem=char
          ]
C:\Users\Oliver\source\repos\DemoApp\DemoApp\Action.h(396): warning C4244: 'argument': conversion from 'wchar_t' to '_Elem', possible loss of data
          with
          [
              _Elem=char
          ]
C:\Users\Oliver\source\repos\DemoApp\DemoApp\Action.h(399): warning C4244: 'argument': conversion from 'wchar_t' to '_Elem', possible loss of data
          with
          [
              _Elem=char
          ]
C:\Users\Oliver\source\repos\DemoApp\DemoApp\Action.h(403): warning C4244: 'argument': conversion from 'wchar_t' to '_Elem', possible loss of data
          with
          [
              _Elem=char
          ]
C:\Users\Oliver\source\repos\DemoApp\DemoApp\Action.h(407): warning C4244: 'argument': conversion from 'wchar_t' to '_Elem', possible loss of data
          with
          [
              _Elem=char
          ]
C:\Users\Oliver\source\repos\DemoApp\DemoApp\Action.h(411): warning C4244: 'argument': conversion from 'wchar_t' to '_Elem', possible loss of data
          with
          [
              _Elem=char
          ]
C:\Users\Oliver\source\repos\DemoApp\DemoApp\Action.h(434): warning C4244: 'argument': conversion from 'wchar_t' to '_Elem', possible loss of data
          with
          [
              _Elem=char
          ]
C:\Users\Oliver\source\repos\DemoApp\DemoApp\Action.h(437): warning C4244: 'argument': conversion from 'wchar_t' to '_Elem', possible loss of data
          with
          [
              _Elem=char
          ]
C:\Users\Oliver\source\repos\DemoApp\DemoApp\Action.h(441): warning C4244: 'argument': conversion from 'wchar_t' to '_Elem', possible loss of data
          with
          [
              _Elem=char
          ]
C:\Users\Oliver\source\repos\DemoApp\DemoApp\Action.h(445): warning C4244: 'argument': conversion from 'wchar_t' to '_Elem', possible loss of data
          with
          [
              _Elem=char
          ]
C:\Users\Oliver\source\repos\DemoApp\DemoApp\Action.h(449): warning C4244: 'argument': conversion from 'wchar_t' to '_Elem', possible loss of data
          with
          [
              _Elem=char
          ]
C:\Users\Oliver\source\repos\DemoApp\DemoApp\Action.h(471): warning C4244: 'argument': conversion from 'wchar_t' to '_Elem', possible loss of data
          with
          [
              _Elem=char
          ]
C:\Users\Oliver\source\repos\DemoApp\DemoApp\Action.h(474): warning C4244: 'argument': conversion from 'wchar_t' to '_Elem', possible loss of data
          with
          [
              _Elem=char
          ]
C:\Users\Oliver\source\repos\DemoApp\DemoApp\Action.h(478): warning C4244: 'argument': conversion from 'wchar_t' to '_Elem', possible loss of data
          with
          [
              _Elem=char
          ]
C:\Users\Oliver\source\repos\DemoApp\DemoApp\Action.h(482): warning C4244: 'argument': conversion from 'wchar_t' to '_Elem', possible loss of data
          with
          [
              _Elem=char
          ]
C:\Users\Oliver\source\repos\DemoApp\DemoApp\Action.h(486): warning C4244: 'argument': conversion from 'wchar_t' to '_Elem', possible loss of data
          with
          [
              _Elem=char
          ]
C:\Users\Oliver\source\repos\DemoApp\DemoApp\Action.h(490): warning C4244: 'argument': conversion from 'wchar_t' to '_Elem', possible loss of data
          with
          [
              _Elem=char
          ]
C:\Users\Oliver\source\repos\DemoApp\DemoApp\Action.h(517): warning C4244: 'argument': conversion from 'wchar_t' to '_Elem', possible loss of data
          with
          [
              _Elem=char
          ]
C:\Users\Oliver\source\repos\DemoApp\DemoApp\Action.h(520): warning C4244: 'argument': conversion from 'wchar_t' to '_Elem', possible loss of data
          with
          [
              _Elem=char
          ]
C:\Users\Oliver\source\repos\DemoApp\DemoApp\Action.h(524): warning C4244: 'argument': conversion from 'wchar_t' to '_Elem', possible loss of data
          with
          [
              _Elem=char
          ]
C:\Users\Oliver\source\repos\DemoApp\DemoApp\Action.h(528): warning C4244: 'argument': conversion from 'wchar_t' to '_Elem', possible loss of data
          with
          [
              _Elem=char
          ]
C:\Users\Oliver\source\repos\DemoApp\DemoApp\Action.h(532): warning C4244: 'argument': conversion from 'wchar_t' to '_Elem', possible loss of data
          with
          [
              _Elem=char
          ]
C:\Users\Oliver\source\repos\DemoApp\DemoApp\Action.h(536): warning C4244: 'argument': conversion from 'wchar_t' to '_Elem', possible loss of data
          with
          [
              _Elem=char
          ]
C:\Users\Oliver\source\repos\DemoApp\DemoApp\Action.h(563): warning C4244: 'argument': conversion from 'wchar_t' to '_Elem', possible loss of data
          with
          [
              _Elem=char
          ]
C:\Users\Oliver\source\repos\DemoApp\DemoApp\Action.h(566): warning C4244: 'argument': conversion from 'wchar_t' to '_Elem', possible loss of data
          with
          [
              _Elem=char
          ]
C:\Users\Oliver\source\repos\DemoApp\DemoApp\Action.h(570): warning C4244: 'argument': conversion from 'wchar_t' to '_Elem', possible loss of data
          with
          [
              _Elem=char
          ]
C:\Users\Oliver\source\repos\DemoApp\DemoApp\Action.h(574): warning C4244: 'argument': conversion from 'wchar_t' to '_Elem', possible loss of data
          with
          [
              _Elem=char
          ]
C:\Users\Oliver\source\repos\DemoApp\DemoApp\Action.h(578): warning C4244: 'argument': conversion from 'wchar_t' to '_Elem', possible loss of data
          with
          [
              _Elem=char
          ]
C:\Users\Oliver\source\repos\DemoApp\DemoApp\Action.h(582): warning C4244: 'argument': conversion from 'wchar_t' to '_Elem', possible loss of data
          with
          [
              _Elem=char
          ]
C:\Users\Oliver\source\repos\DemoApp\DemoApp\Action.h(586): warning C4244: 'argument': conversion from 'wchar_t' to '_Elem', possible loss of data
          with
          [
              _Elem=char
          ]
C:\Users\Oliver\source\repos\DemoApp\DemoApp\Action.h(694): warning C4244: 'argument': conversion from 'wchar_t' to '_Elem', possible loss of data
          with
          [
              _Elem=char
          ]
C:\Users\Oliver\source\repos\DemoApp\DemoApp\Action.h(706): warning C4244: 'argument': conversion from 'wchar_t' to '_Elem', possible loss of data
          with
          [
              _Elem=char
          ]
C:\Users\Oliver\source\repos\DemoApp\DemoApp\Action.h(711): warning C4244: 'argument': conversion from 'wchar_t' to '_Elem', possible loss of data
          with
          [
              _Elem=char
          ]
C:\Users\Oliver\source\repos\DemoApp\DemoApp\Action.h(714): warning C4244: 'argument': conversion from 'wchar_t' to '_Elem', possible loss of data
          with
          [
              _Elem=char
          ]
C:\Users\Oliver\source\repos\DemoApp\DemoApp\Action.h(718): warning C4244: 'argument': conversion from 'wchar_t' to '_Elem', possible loss of data
          with
          [
              _Elem=char
          ]
C:\Users\Oliver\source\repos\DemoApp\DemoApp\Action.h(722): warning C4244: 'argument': conversion from 'wchar_t' to '_Elem', possible loss of data
          with
          [
              _Elem=char
          ]
C:\Users\Oliver\source\repos\DemoApp\DemoApp\Action.h(726): warning C4244: 'argument': conversion from 'wchar_t' to '_Elem', possible loss of data
          with
          [
              _Elem=char
          ]
C:\Users\Oliver\source\repos\DemoApp\DemoApp\Action.h(730): warning C4244: 'argument': conversion from 'wchar_t' to '_Elem', possible loss of data
          with
          [
              _Elem=char
          ]
C:\Users\Oliver\source\repos\DemoApp\DemoApp\Action.h(734): warning C4244: 'argument': conversion from 'wchar_t' to '_Elem', possible loss of data
          with
          [
              _Elem=char
          ]
C:\Users\Oliver\source\repos\DemoApp\DemoApp\Action.h(751): warning C4244: 'argument': conversion from 'wchar_t' to '_Elem', possible loss of data
          with
          [
              _Elem=char
          ]
C:\Users\Oliver\source\repos\DemoApp\DemoApp\Action.h(755): warning C4244: 'argument': conversion from 'wchar_t' to '_Elem', possible loss of data
          with
          [
              _Elem=char
          ]
C:\Users\Oliver\source\repos\DemoApp\DemoApp\Action.h(759): warning C4244: 'argument': conversion from 'wchar_t' to '_Elem', possible loss of data
          with
          [
              _Elem=char
          ]
C:\Users\Oliver\source\repos\DemoApp\DemoApp\Action.h(904): warning C4244: 'argument': conversion from 'wchar_t' to '_Elem', possible loss of data
          with
          [
              _Elem=char
          ]
C:\Users\Oliver\source\repos\DemoApp\DemoApp\Action.h(909): warning C4244: 'argument': conversion from 'wchar_t' to '_Elem', possible loss of data
          with
          [
              _Elem=char
          ]
C:\Users\Oliver\source\repos\DemoApp\DemoApp\Action.h(913): warning C4018: '<=': signed/unsigned mismatch
C:\Users\Oliver\source\repos\DemoApp\DemoApp\Action.h(923): warning C4244: 'argument': conversion from 'wchar_t' to '_Elem', possible loss of data
          with
          [
              _Elem=char
          ]
C:\Users\Oliver\source\repos\DemoApp\DemoApp\Action.h(932): warning C4244: 'argument': conversion from 'wchar_t' to '_Elem', possible loss of data
          with
          [
              _Elem=char
          ]
C:\Users\Oliver\source\repos\DemoApp\DemoApp\Action.h(937): warning C4244: 'argument': conversion from 'wchar_t' to '_Elem', possible loss of data
          with
          [
              _Elem=char
          ]
C:\Users\Oliver\source\repos\DemoApp\DemoApp\Action.h(941): warning C4018: '<=': signed/unsigned mismatch
C:\Users\Oliver\source\repos\DemoApp\DemoApp\Action.h(950): warning C4244: 'argument': conversion from 'wchar_t' to '_Elem', possible loss of data
          with
          [
              _Elem=char
          ]
C:\Users\Oliver\source\repos\DemoApp\DemoApp\Action.h(959): warning C4244: 'argument': conversion from 'wchar_t' to '_Elem', possible loss of data
          with
          [
              _Elem=char
          ]
C:\Users\Oliver\source\repos\DemoApp\DemoApp\Action.h(964): warning C4244: 'argument': conversion from 'wchar_t' to '_Elem', possible loss of data
          with
          [
              _Elem=char
          ]
C:\Users\Oliver\source\repos\DemoApp\DemoApp\Action.h(968): warning C4018: '<=': signed/unsigned mismatch
C:\Users\Oliver\source\repos\DemoApp\DemoApp\Action.h(977): warning C4244: 'argument': conversion from 'wchar_t' to '_Elem', possible loss of data
          with
          [
              _Elem=char
          ]
C:\Users\Oliver\source\repos\DemoApp\DemoApp\Action.h(983): warning C4244: 'argument': conversion from 'wchar_t' to '_Elem', possible loss of data
          with
          [
              _Elem=char
          ]
  Generating code
  Previous IPDB not found, fall back to full compilation.
  All 418 functions were compiled because no usable IPDB/IOBJ from previous compilation was found.
  Finished generating code
  DemoApp.vcxproj -> C:\Users\Oliver\source\repos\DemoApp\Release\DemoApp.exe
